<?xml version="1.0" encoding="UTF-8"?>
<testsuite name="TestRunner" tests="0" skipped="0" failures="0" errors="0" timestamp="1970-01-01T00:00:00" hostname="DESKTOP-MO3TN54" time="0.0">
  <properties/>
  <system-out><![CDATA[
?[31mFailed scenarios:?[0m
?[31mfile:///E:/IdeaProjects/CucumberSelenideLinked/src/test/resources/searching_offers.feature:12?[0m# User inputs search criteria and can find offers

1 Scenarios (?[31m1 failed?[0m)
7 Steps (?[31m1 failed?[0m, ?[36m6 skipped?[0m)
0m15.749s


org.openqa.selenium.SessionNotCreatedException: session not created
from chrome not reachable
  (Session info: chrome=84.0.4147.105)
Build info: version: '3.141.59', revision: 'e82be7d358', time: '2018-11-14T08:17:03'
System info: host: 'DESKTOP-MO3TN54', ip: '192.168.0.115', os.name: 'Windows 10', os.arch: 'amd64', os.version: '10.0', java.version: '14'
Driver info: driver.version: SelenideDriver
selenide.url: https://pl.linkedin.com/jobs/search?keywords=&location=&geoId=&trk=public_jobs_jobs-search-bar_search-submit&redirect=false&position=1&pageNum=0
selenide.baseUrl: http://localhost:8080
remote stacktrace: Backtrace:
	Ordinal0 [0x003D87E3+2852835]
	Ordinal0 [0x002C5BB1+1727409]
	Ordinal0 [0x0019E362+516962]
	Ordinal0 [0x00197D82+490882]
	Ordinal0 [0x0019846B+492651]
	Ordinal0 [0x001993C5+496581]
	Ordinal0 [0x00194D64+478564]
	Ordinal0 [0x0019F300+520960]
	Ordinal0 [0x0014E489+189577]
	Ordinal0 [0x0014D7FD+186365]
	Ordinal0 [0x0014B70B+177931]
	Ordinal0 [0x00132584+75140]
	Ordinal0 [0x00133650+79440]
	Ordinal0 [0x001335E9+79337]
	Ordinal0 [0x002DAD5C+1813852]
	GetHandleVerifier [0x004FC616+1075574]
	GetHandleVerifier [0x004FC367+1074887]
	GetHandleVerifier [0x00507497+1120247]
	GetHandleVerifier [0x004FCC16+1077110]
	Ordinal0 [0x002D3206+1782278]
	Ordinal0 [0x002DC3BB+1819579]
	Ordinal0 [0x002DC523+1819939]
	Ordinal0 [0x002F2B45+1911621]
	BaseThreadInitThunk [0x75556359+25]
	RtlGetAppContainerNamedObjectPath [0x77BF7C24+228]
	RtlGetAppContainerNamedObjectPath [0x77BF7BF4+180]

	at java.base/jdk.internal.reflect.NativeConstructorAccessorImpl.newInstance0(Native Method)
	at java.base/jdk.internal.reflect.NativeConstructorAccessorImpl.newInstance(NativeConstructorAccessorImpl.java:62)
	at java.base/jdk.internal.reflect.DelegatingConstructorAccessorImpl.newInstance(DelegatingConstructorAccessorImpl.java:45)
	at java.base/java.lang.reflect.Constructor.newInstanceWithCaller(Constructor.java:500)
	at java.base/java.lang.reflect.Constructor.newInstance(Constructor.java:481)
	at org.openqa.selenium.remote.W3CHandshakeResponse.lambda$errorHandler$0(W3CHandshakeResponse.java:62)
	at org.openqa.selenium.remote.HandshakeResponse.lambda$getResponseFunction$0(HandshakeResponse.java:30)
	at org.openqa.selenium.remote.ProtocolHandshake.lambda$createSession$0(ProtocolHandshake.java:126)
	at java.base/java.util.stream.ReferencePipeline$3$1.accept(ReferencePipeline.java:195)
	at java.base/java.util.Spliterators$ArraySpliterator.tryAdvance(Spliterators.java:958)
	at java.base/java.util.stream.ReferencePipeline.forEachWithCancel(ReferencePipeline.java:127)
	at java.base/java.util.stream.AbstractPipeline.copyIntoWithCancel(AbstractPipeline.java:502)
	at java.base/java.util.stream.AbstractPipeline.copyInto(AbstractPipeline.java:488)
	at java.base/java.util.stream.AbstractPipeline.wrapAndCopyInto(AbstractPipeline.java:474)
	at java.base/java.util.stream.FindOps$FindOp.evaluateSequential(FindOps.java:150)
	at java.base/java.util.stream.AbstractPipeline.evaluate(AbstractPipeline.java:234)
	at java.base/java.util.stream.ReferencePipeline.findFirst(ReferencePipeline.java:543)
	at org.openqa.selenium.remote.ProtocolHandshake.createSession(ProtocolHandshake.java:128)
	at org.openqa.selenium.remote.ProtocolHandshake.createSession(ProtocolHandshake.java:74)
	at org.openqa.selenium.remote.HttpCommandExecutor.execute(HttpCommandExecutor.java:136)
	at org.openqa.selenium.remote.service.DriverCommandExecutor.execute(DriverCommandExecutor.java:83)
	at org.openqa.selenium.remote.RemoteWebDriver.execute(RemoteWebDriver.java:552)
	at org.openqa.selenium.remote.RemoteWebDriver.startSession(RemoteWebDriver.java:213)
	at org.openqa.selenium.remote.RemoteWebDriver.<init>(RemoteWebDriver.java:131)
	at org.openqa.selenium.chrome.ChromeDriver.<init>(ChromeDriver.java:181)
	at com.codeborne.selenide.webdriver.ChromeDriverFactory.create(ChromeDriverFactory.java:47)
	at com.codeborne.selenide.webdriver.WebDriverFactory.createWebDriverInstance(WebDriverFactory.java:76)
	at com.codeborne.selenide.webdriver.WebDriverFactory.createWebDriver(WebDriverFactory.java:54)
	at com.codeborne.selenide.drivercommands.CreateDriverCommand.createDriver(CreateDriverCommand.java:45)
	at com.codeborne.selenide.impl.WebDriverThreadLocalContainer.createDriver(WebDriverThreadLocalContainer.java:126)
	at com.codeborne.selenide.impl.WebDriverThreadLocalContainer.getAndCheckWebDriver(WebDriverThreadLocalContainer.java:120)
	at com.codeborne.selenide.WebDriverRunner.getAndCheckWebDriver(WebDriverRunner.java:89)
	at com.codeborne.selenide.impl.StaticDriver.getAndCheckWebDriver(StaticDriver.java:47)
	at com.codeborne.selenide.SelenideDriver.getAndCheckWebDriver(SelenideDriver.java:180)
	at com.codeborne.selenide.drivercommands.Navigator.navigateTo(Navigator.java:65)
	at com.codeborne.selenide.drivercommands.Navigator.open(Navigator.java:28)
	at com.codeborne.selenide.SelenideDriver.open(SelenideDriver.java:76)
	at com.codeborne.selenide.Selenide.open(Selenide.java:48)
	at SearchingOffersSteps.lambda$new$0(SearchingOffersSteps.java:17)
	at ?.User opens page(file:///E:/IdeaProjects/CucumberSelenideLinked/src/test/resources/searching_offers.feature:3)


]]></system-out>
  <system-err><![CDATA[Aug 05, 2020 7:52:01 PM io.cucumber.junit.Cucumber <init>
WARNING: By default Cucumber is running in --non-strict mode.
This default will change to --strict and --non-strict will be removed.
You can use --strict or @CucumberOptions(strict = true) to suppress this warning
]]></system-err>
</testsuite>
